nohup: 忽略输入
[uWSGI] getting INI configuration from conf/uwsgi.ini
*** Starting uWSGI 2.0.26 (64bit) on [Thu Aug 15 05:51:11 2024] ***
compiled with version: 8.3.0 on 10 August 2024 12:54:28
os: Linux-3.10.0-1160.119.1.el7.x86_64 #1 SMP Tue Jun 4 14:43:51 UTC 2024
nodename: 192.168.230.131
machine: x86_64
clock source: unix
pcre jit disabled
detected number of CPU cores: 1
current working directory: /usr/local/share/helloBlog/backend
writing pidfile to /run/uwsgi.pid
detected binary path: /root/.local/share/virtualenvs/helloBlog-e5hndArn/bin/uwsgi
uWSGI running as root, you can use --uid/--gid/--chroot options
*** WARNING: you are running uWSGI as root !!! (use the --uid flag) *** 
chdir() to /usr/local/share/helloBlog/backend
your processes number limit is 7144
your memory page size is 4096 bytes
detected max file descriptor number: 1024
lock engine: pthread robust mutexes
thunder lock: disabled (you can enable it with --thunder-lock)
uwsgi socket 0 bound to TCP address 0.0.0.0:8000 fd 3
uWSGI running as root, you can use --uid/--gid/--chroot options
*** WARNING: you are running uWSGI as root !!! (use the --uid flag) *** 
Python version: 3.9.0 (default, Aug  9 2024, 17:40:19)  [GCC 8.3.0]
*** Python threads support is disabled. You can enable it with --enable-threads ***
Python main interpreter initialized at 0xfec3c0
uWSGI running as root, you can use --uid/--gid/--chroot options
*** WARNING: you are running uWSGI as root !!! (use the --uid flag) *** 
your server socket listen backlog is limited to 120 connections
your mercy for graceful operations on workers is 60 seconds
mapped 671795 bytes (656 KB) for 4 cores
*** Operational MODE: preforking ***
WSGI app 0 (mountpoint='') ready in 0 seconds on interpreter 0xfec3c0 pid: 82062 (default app)
uWSGI running as root, you can use --uid/--gid/--chroot options
*** WARNING: you are running uWSGI as root !!! (use the --uid flag) *** 
*** uWSGI is running in multiple interpreter mode ***
spawned uWSGI master process (pid: 82062)
spawned uWSGI worker 1 (pid: 82069, cores: 1)
spawned uWSGI worker 2 (pid: 82070, cores: 1)
spawned uWSGI worker 3 (pid: 82071, cores: 1)
spawned uWSGI worker 4 (pid: 82072, cores: 1)
[pid: 82070|app: 0|req: 1/1] 192.168.230.131 () {40 vars in 669 bytes} [Thu Aug 15 05:51:17 2024] GET / => generated 8023 bytes in 137 msecs (HTTP/1.1 200) 6 headers in 208 bytes (1 switches on core 0)
*** Starting uWSGI 2.0.26 (64bit) on [Thu Aug 15 05:56:27 2024] ***
compiled with version: 8.3.0 on 10 August 2024 12:54:28
os: Linux-3.10.0-1160.119.1.el7.x86_64 #1 SMP Tue Jun 4 14:43:51 UTC 2024
nodename: 192.168.230.131
machine: x86_64
clock source: unix
pcre jit disabled
detected number of CPU cores: 1
current working directory: /
writing pidfile to /run/uwsgi.pid
detected binary path: /root/.local/share/virtualenvs/helloBlog-e5hndArn/bin/uwsgi
uWSGI running as root, you can use --uid/--gid/--chroot options
*** WARNING: you are running uWSGI as root !!! (use the --uid flag) *** 
chdir() to /usr/local/share/helloBlog/backend
your processes number limit is 7144
your memory page size is 4096 bytes
detected max file descriptor number: 1024
lock engine: pthread robust mutexes
thunder lock: disabled (you can enable it with --thunder-lock)
probably another instance of uWSGI is running on the same address (0.0.0.0:8000).
bind(): Address already in use [core/socket.c line 769]
*** Starting uWSGI 2.0.26 (64bit) on [Thu Aug 15 05:56:28 2024] ***
compiled with version: 8.3.0 on 10 August 2024 12:54:28
os: Linux-3.10.0-1160.119.1.el7.x86_64 #1 SMP Tue Jun 4 14:43:51 UTC 2024
nodename: 192.168.230.131
machine: x86_64
clock source: unix
pcre jit disabled
detected number of CPU cores: 1
current working directory: /
writing pidfile to /run/uwsgi.pid
detected binary path: /root/.local/share/virtualenvs/helloBlog-e5hndArn/bin/uwsgi
uWSGI running as root, you can use --uid/--gid/--chroot options
*** WARNING: you are running uWSGI as root !!! (use the --uid flag) *** 
chdir() to /usr/local/share/helloBlog/backend
your processes number limit is 7144
your memory page size is 4096 bytes
detected max file descriptor number: 1024
lock engine: pthread robust mutexes
thunder lock: disabled (you can enable it with --thunder-lock)
probably another instance of uWSGI is running on the same address (0.0.0.0:8000).
bind(): Address already in use [core/socket.c line 769]
*** Starting uWSGI 2.0.26 (64bit) on [Thu Aug 15 05:56:30 2024] ***
compiled with version: 8.3.0 on 10 August 2024 12:54:28
os: Linux-3.10.0-1160.119.1.el7.x86_64 #1 SMP Tue Jun 4 14:43:51 UTC 2024
nodename: 192.168.230.131
machine: x86_64
clock source: unix
pcre jit disabled
detected number of CPU cores: 1
current working directory: /
writing pidfile to /run/uwsgi.pid
detected binary path: /root/.local/share/virtualenvs/helloBlog-e5hndArn/bin/uwsgi
uWSGI running as root, you can use --uid/--gid/--chroot options
*** WARNING: you are running uWSGI as root !!! (use the --uid flag) *** 
chdir() to /usr/local/share/helloBlog/backend
your processes number limit is 7144
your memory page size is 4096 bytes
detected max file descriptor number: 1024
lock engine: pthread robust mutexes
thunder lock: disabled (you can enable it with --thunder-lock)
probably another instance of uWSGI is running on the same address (0.0.0.0:8000).
bind(): Address already in use [core/socket.c line 769]
*** Starting uWSGI 2.0.26 (64bit) on [Thu Aug 15 05:56:33 2024] ***
compiled with version: 8.3.0 on 10 August 2024 12:54:28
os: Linux-3.10.0-1160.119.1.el7.x86_64 #1 SMP Tue Jun 4 14:43:51 UTC 2024
nodename: 192.168.230.131
machine: x86_64
clock source: unix
pcre jit disabled
detected number of CPU cores: 1
current working directory: /
writing pidfile to /run/uwsgi.pid
detected binary path: /root/.local/share/virtualenvs/helloBlog-e5hndArn/bin/uwsgi
uWSGI running as root, you can use --uid/--gid/--chroot options
*** WARNING: you are running uWSGI as root !!! (use the --uid flag) *** 
chdir() to /usr/local/share/helloBlog/backend
your processes number limit is 7144
your memory page size is 4096 bytes
detected max file descriptor number: 1024
lock engine: pthread robust mutexes
thunder lock: disabled (you can enable it with --thunder-lock)
probably another instance of uWSGI is running on the same address (0.0.0.0:8000).
bind(): Address already in use [core/socket.c line 769]
[pid: 82070|app: 0|req: 2/2] 192.168.230.131 () {40 vars in 669 bytes} [Thu Aug 15 05:56:41 2024] GET / => generated 8023 bytes in 5 msecs (HTTP/1.1 200) 6 headers in 208 bytes (1 switches on core 0)
Thu Aug 15 05:57:22 2024 - uWSGI worker 1 screams: UAAAAAAH my master disconnected: i will kill myself !!!
Thu Aug 15 05:57:22 2024 - uWSGI worker 2 screams: UAAAAAAH my master disconnected: i will kill myself !!!
Thu Aug 15 05:57:22 2024 - uWSGI worker 3 screams: UAAAAAAH my master disconnected: i will kill myself !!!
Thu Aug 15 05:57:22 2024 - uWSGI worker 4 screams: UAAAAAAH my master disconnected: i will kill myself !!!
*** Starting uWSGI 2.0.26 (64bit) on [Thu Aug 15 05:57:28 2024] ***
compiled with version: 8.3.0 on 10 August 2024 12:54:28
os: Linux-3.10.0-1160.119.1.el7.x86_64 #1 SMP Tue Jun 4 14:43:51 UTC 2024
nodename: 192.168.230.131
machine: x86_64
clock source: unix
pcre jit disabled
detected number of CPU cores: 1
current working directory: /
writing pidfile to /run/uwsgi.pid
detected binary path: /root/.local/share/virtualenvs/helloBlog-e5hndArn/bin/uwsgi
uWSGI running as root, you can use --uid/--gid/--chroot options
*** WARNING: you are running uWSGI as root !!! (use the --uid flag) *** 
chdir() to /usr/local/share/helloBlog/backend
your processes number limit is 7144
your memory page size is 4096 bytes
detected max file descriptor number: 1024
lock engine: pthread robust mutexes
thunder lock: disabled (you can enable it with --thunder-lock)
uwsgi socket 0 bound to TCP address 0.0.0.0:8000 fd 3
uWSGI running as root, you can use --uid/--gid/--chroot options
*** WARNING: you are running uWSGI as root !!! (use the --uid flag) *** 
Python version: 3.9.0 (default, Aug  9 2024, 17:40:19)  [GCC 8.3.0]
*** Python threads support is disabled. You can enable it with --enable-threads ***
Python main interpreter initialized at 0x2053bb0
uWSGI running as root, you can use --uid/--gid/--chroot options
*** WARNING: you are running uWSGI as root !!! (use the --uid flag) *** 
your server socket listen backlog is limited to 120 connections
your mercy for graceful operations on workers is 60 seconds
mapped 364600 bytes (356 KB) for 4 cores
*** Operational MODE: preforking ***
WSGI app 0 (mountpoint='') ready in 1 seconds on interpreter 0x2053bb0 pid: 82526 (default app)
uWSGI running as root, you can use --uid/--gid/--chroot options
*** WARNING: you are running uWSGI as root !!! (use the --uid flag) *** 
*** uWSGI is running in multiple interpreter mode ***
spawned uWSGI master process (pid: 82526)
spawned uWSGI worker 1 (pid: 82527, cores: 1)
spawned uWSGI worker 2 (pid: 82528, cores: 1)
spawned uWSGI worker 3 (pid: 82529, cores: 1)
spawned uWSGI worker 4 (pid: 82530, cores: 1)
[pid: 82530|app: 0|req: 1/1] 192.168.230.131 () {40 vars in 669 bytes} [Thu Aug 15 05:58:09 2024] GET / => generated 145 bytes in 112 msecs (HTTP/1.1 500) 7 headers in 240 bytes (1 switches on core 0)
[pid: 82530|app: 0|req: 2/2] 127.0.0.1 () {48 vars in 775 bytes} [Thu Aug 15 06:02:54 2024] GET / => generated 145 bytes in 26 msecs (HTTP/1.1 500) 7 headers in 240 bytes (1 switches on core 0)
[pid: 82529|app: 0|req: 1/3] 127.0.0.1 () {48 vars in 775 bytes} [Thu Aug 15 06:02:55 2024] GET / => generated 145 bytes in 89 msecs (HTTP/1.1 500) 7 headers in 240 bytes (1 switches on core 0)
[pid: 82530|app: 0|req: 3/4] 127.0.0.1 () {48 vars in 775 bytes} [Thu Aug 15 06:02:56 2024] GET / => generated 145 bytes in 21 msecs (HTTP/1.1 500) 7 headers in 240 bytes (1 switches on core 0)
[pid: 82529|app: 0|req: 2/5] 127.0.0.1 () {48 vars in 775 bytes} [Thu Aug 15 06:03:06 2024] GET / => generated 145 bytes in 21 msecs (HTTP/1.1 500) 7 headers in 240 bytes (1 switches on core 0)
[pid: 82527|app: 0|req: 1/6] 192.168.230.1 () {42 vars in 802 bytes} [Thu Aug 15 06:03:15 2024] GET / => generated 145 bytes in 61 msecs (HTTP/1.1 500) 7 headers in 240 bytes (1 switches on core 0)
[pid: 82530|app: 0|req: 4/7] 192.168.230.131 () {40 vars in 669 bytes} [Thu Aug 15 06:22:59 2024] GET / => generated 145 bytes in 106 msecs (HTTP/1.1 500) 7 headers in 240 bytes (1 switches on core 0)
[pid: 82530|app: 0|req: 5/8] 192.168.230.131 () {40 vars in 669 bytes} [Thu Aug 15 06:23:52 2024] GET / => generated 145 bytes in 57 msecs (HTTP/1.1 500) 7 headers in 240 bytes (1 switches on core 0)
[pid: 82529|app: 0|req: 3/9] 192.168.230.131 () {40 vars in 669 bytes} [Thu Aug 15 06:23:55 2024] GET / => generated 145 bytes in 23 msecs (HTTP/1.1 500) 7 headers in 240 bytes (1 switches on core 0)
...brutally killing workers...
SIGINT/SIGTERM received...killing workers...
worker 1 buried after 1 seconds
worker 2 buried after 1 seconds
worker 3 buried after 1 seconds
worker 4 buried after 1 seconds
goodbye to uWSGI.
*** Starting uWSGI 2.0.26 (64bit) on [Thu Aug 15 06:53:28 2024] ***
compiled with version: 8.3.0 on 10 August 2024 12:54:28
os: Linux-3.10.0-1160.119.1.el7.x86_64 #1 SMP Tue Jun 4 14:43:51 UTC 2024
nodename: 192.168.230.131
machine: x86_64
clock source: unix
pcre jit disabled
detected number of CPU cores: 1
current working directory: /usr/local/python39/bin
writing pidfile to /run/uwsgi.pid
detected binary path: /root/.local/share/virtualenvs/helloBlog-e5hndArn/bin/uwsgi
uWSGI running as root, you can use --uid/--gid/--chroot options
*** WARNING: you are running uWSGI as root !!! (use the --uid flag) *** 
chdir() to /usr/local/share/helloBlog/backend
your processes number limit is 7144
your memory page size is 4096 bytes
detected max file descriptor number: 1024
lock engine: pthread robust mutexes
thunder lock: disabled (you can enable it with --thunder-lock)
uwsgi socket 0 bound to TCP address 0.0.0.0:8000 fd 3
uWSGI running as root, you can use --uid/--gid/--chroot options
*** WARNING: you are running uWSGI as root !!! (use the --uid flag) *** 
Python version: 3.9.0 (default, Aug  9 2024, 17:40:19)  [GCC 8.3.0]
*** Python threads support is disabled. You can enable it with --enable-threads ***
Python main interpreter initialized at 0x1eba290
uWSGI running as root, you can use --uid/--gid/--chroot options
*** WARNING: you are running uWSGI as root !!! (use the --uid flag) *** 
your server socket listen backlog is limited to 120 connections
your mercy for graceful operations on workers is 60 seconds
mapped 364600 bytes (356 KB) for 4 cores
*** Operational MODE: preforking ***
WSGI app 0 (mountpoint='') ready in 1 seconds on interpreter 0x1eba290 pid: 86854 (default app)
uWSGI running as root, you can use --uid/--gid/--chroot options
*** WARNING: you are running uWSGI as root !!! (use the --uid flag) *** 
*** uWSGI is running in multiple interpreter mode ***
spawned uWSGI master process (pid: 86854)
spawned uWSGI worker 1 (pid: 86855, cores: 1)
spawned uWSGI worker 2 (pid: 86857, cores: 1)
spawned uWSGI worker 3 (pid: 86858, cores: 1)
spawned uWSGI worker 4 (pid: 86859, cores: 1)
[pid: 86857|app: 0|req: 1/1] 192.168.230.131 () {40 vars in 669 bytes} [Thu Aug 15 06:54:34 2024] GET / => generated 8023 bytes in 168 msecs (HTTP/1.1 200) 6 headers in 208 bytes (1 switches on core 0)
[pid: 86857|app: 0|req: 2/2] 127.0.0.1 () {48 vars in 775 bytes} [Thu Aug 15 06:54:41 2024] GET / => generated 8023 bytes in 6 msecs (HTTP/1.1 200) 6 headers in 208 bytes (1 switches on core 0)
[pid: 86857|app: 0|req: 3/3] 127.0.0.1 () {48 vars in 775 bytes} [Thu Aug 15 06:54:44 2024] GET / => generated 8023 bytes in 12 msecs (HTTP/1.1 200) 6 headers in 208 bytes (1 switches on core 0)
[pid: 86857|app: 0|req: 4/4] 127.0.0.1 () {48 vars in 775 bytes} [Thu Aug 15 07:04:12 2024] GET / => generated 8023 bytes in 6 msecs (HTTP/1.1 200) 6 headers in 208 bytes (1 switches on core 0)
[pid: 86857|app: 0|req: 5/5] 192.168.230.2 () {54 vars in 1040 bytes} [Fri Aug 16 02:28:56 2024] GET / => generated 8023 bytes in 5514 msecs (HTTP/1.1 200) 6 headers in 208 bytes (1 switches on core 0)
SIGINT/SIGTERM received...killing workers...
*** Starting uWSGI 2.0.26 (64bit) on [Fri Aug 16 03:47:23 2024] ***
compiled with version: 8.3.0 on 10 August 2024 12:54:28
os: Linux-3.10.0-1160.119.1.el7.x86_64 #1 SMP Tue Jun 4 14:43:51 UTC 2024
nodename: 192.168.230.131
machine: x86_64
clock source: unix
pcre jit disabled
detected number of CPU cores: 1
current working directory: /usr/local/python39/bin
writing pidfile to /run/uwsgi.pid
detected binary path: /root/.local/share/virtualenvs/helloBlog-e5hndArn/bin/uwsgi
uWSGI running as root, you can use --uid/--gid/--chroot options
*** WARNING: you are running uWSGI as root !!! (use the --uid flag) *** 
chdir() to /usr/local/share/helloBlog/backend
your processes number limit is 7144
your memory page size is 4096 bytes
detected max file descriptor number: 1024
lock engine: pthread robust mutexes
thunder lock: disabled (you can enable it with --thunder-lock)
uwsgi socket 0 bound to TCP address 0.0.0.0:8000 fd 3
uWSGI running as root, you can use --uid/--gid/--chroot options
*** WARNING: you are running uWSGI as root !!! (use the --uid flag) *** 
Python version: 3.9.0 (default, Aug  9 2024, 17:40:19)  [GCC 8.3.0]
*** Python threads support is disabled. You can enable it with --enable-threads ***
Python main interpreter initialized at 0x1d7b290
uWSGI running as root, you can use --uid/--gid/--chroot options
*** WARNING: you are running uWSGI as root !!! (use the --uid flag) *** 
your server socket listen backlog is limited to 120 connections
your mercy for graceful operations on workers is 60 seconds
mapped 364600 bytes (356 KB) for 4 cores
*** Operational MODE: preforking ***
WSGI app 0 (mountpoint='') ready in 0 seconds on interpreter 0x1d7b290 pid: 29629 (default app)
uWSGI running as root, you can use --uid/--gid/--chroot options
*** WARNING: you are running uWSGI as root !!! (use the --uid flag) *** 
*** uWSGI is running in multiple interpreter mode ***
spawned uWSGI master process (pid: 29629)
spawned uWSGI worker 1 (pid: 29631, cores: 1)
spawned uWSGI worker 2 (pid: 29632, cores: 1)
spawned uWSGI worker 3 (pid: 29633, cores: 1)
spawned uWSGI worker 4 (pid: 29634, cores: 1)
[pid: 29634|app: 0|req: 1/1] 127.0.0.1 () {48 vars in 775 bytes} [Fri Aug 16 03:47:39 2024] GET / => generated 8023 bytes in 770 msecs (HTTP/1.1 200) 6 headers in 208 bytes (1 switches on core 0)
[pid: 29631|app: 0|req: 1/2] 192.168.230.131 () {40 vars in 669 bytes} [Fri Aug 16 03:49:16 2024] GET / => generated 8023 bytes in 8029 msecs (HTTP/1.1 200) 6 headers in 208 bytes (1 switches on core 0)
[pid: 29634|app: 0|req: 2/3] 192.168.230.131 () {40 vars in 635 bytes} [Fri Aug 16 03:49:30 2024] GET /favicon.ico => generated 179 bytes in 32 msecs (HTTP/1.1 404) 6 headers in 214 bytes (1 switches on core 0)
[pid: 29634|app: 0|req: 3/4] 127.0.0.1 () {48 vars in 775 bytes} [Fri Aug 16 03:51:09 2024] GET / => generated 8023 bytes in 7 msecs (HTTP/1.1 200) 6 headers in 208 bytes (1 switches on core 0)
[pid: 29634|app: 0|req: 4/5] 127.0.0.1 () {46 vars in 713 bytes} [Fri Aug 16 03:51:21 2024] GET /favicon.ico => generated 179 bytes in 1 msecs (HTTP/1.1 404) 6 headers in 214 bytes (1 switches on core 0)
SIGINT/SIGTERM received...killing workers...
worker 1 buried after 1 seconds
worker 2 buried after 1 seconds
worker 3 buried after 1 seconds
worker 4 buried after 1 seconds
goodbye to uWSGI.
*** Starting uWSGI 2.0.26 (64bit) on [Fri Aug 16 05:30:24 2024] ***
compiled with version: 8.3.0 on 10 August 2024 12:54:28
os: Linux-3.10.0-1160.119.1.el7.x86_64 #1 SMP Tue Jun 4 14:43:51 UTC 2024
nodename: 192.168.230.131
machine: x86_64
clock source: unix
pcre jit disabled
detected number of CPU cores: 1
current working directory: /usr/local/python39/bin
writing pidfile to /run/uwsgi.pid
detected binary path: /root/.local/share/virtualenvs/helloBlog-e5hndArn/bin/uwsgi
uWSGI running as root, you can use --uid/--gid/--chroot options
*** WARNING: you are running uWSGI as root !!! (use the --uid flag) *** 
chdir() to /usr/local/share/helloBlog/backend
your processes number limit is 7144
your memory page size is 4096 bytes
detected max file descriptor number: 1024
lock engine: pthread robust mutexes
thunder lock: disabled (you can enable it with --thunder-lock)
uwsgi socket 0 bound to TCP address 0.0.0.0:8000 fd 3
uWSGI running as root, you can use --uid/--gid/--chroot options
*** WARNING: you are running uWSGI as root !!! (use the --uid flag) *** 
Python version: 3.9.0 (default, Aug  9 2024, 17:40:19)  [GCC 8.3.0]
*** Python threads support is disabled. You can enable it with --enable-threads ***
Python main interpreter initialized at 0x199a290
uWSGI running as root, you can use --uid/--gid/--chroot options
*** WARNING: you are running uWSGI as root !!! (use the --uid flag) *** 
your server socket listen backlog is limited to 120 connections
your mercy for graceful operations on workers is 60 seconds
mapped 364600 bytes (356 KB) for 4 cores
*** Operational MODE: preforking ***
WSGI app 0 (mountpoint='') ready in 1 seconds on interpreter 0x199a290 pid: 36147 (default app)
uWSGI running as root, you can use --uid/--gid/--chroot options
*** WARNING: you are running uWSGI as root !!! (use the --uid flag) *** 
*** uWSGI is running in multiple interpreter mode ***
spawned uWSGI master process (pid: 36147)
spawned uWSGI worker 1 (pid: 36154, cores: 1)
spawned uWSGI worker 2 (pid: 36155, cores: 1)
spawned uWSGI worker 3 (pid: 36156, cores: 1)
spawned uWSGI worker 4 (pid: 36157, cores: 1)
[pid: 36157|app: 0|req: 1/1] 192.168.230.131 () {40 vars in 669 bytes} [Fri Aug 16 05:30:39 2024] GET / => generated 8023 bytes in 1435 msecs (HTTP/1.1 200) 6 headers in 208 bytes (1 switches on core 0)
[pid: 36157|app: 0|req: 2/2] 192.168.230.131 () {40 vars in 635 bytes} [Fri Aug 16 05:30:45 2024] GET /favicon.ico => generated 179 bytes in 3 msecs (HTTP/1.1 404) 6 headers in 214 bytes (1 switches on core 0)
SIGINT/SIGTERM received...killing workers...
worker 1 buried after 1 seconds
worker 2 buried after 1 seconds
worker 3 buried after 1 seconds
worker 4 buried after 1 seconds
goodbye to uWSGI.
*** Starting uWSGI 2.0.26 (64bit) on [Fri Aug 16 06:55:09 2024] ***
compiled with version: 8.3.0 on 10 August 2024 12:54:28
os: Linux-3.10.0-1160.119.1.el7.x86_64 #1 SMP Tue Jun 4 14:43:51 UTC 2024
nodename: 192.168.230.131
machine: x86_64
clock source: unix
pcre jit disabled
detected number of CPU cores: 1
current working directory: /usr/local/python39/bin
writing pidfile to /run/uwsgi.pid
detected binary path: /root/.local/share/virtualenvs/helloBlog-e5hndArn/bin/uwsgi
uWSGI running as root, you can use --uid/--gid/--chroot options
*** WARNING: you are running uWSGI as root !!! (use the --uid flag) *** 
chdir() to /usr/local/share/helloBlog/backend
your processes number limit is 7144
your memory page size is 4096 bytes
detected max file descriptor number: 1024
lock engine: pthread robust mutexes
thunder lock: disabled (you can enable it with --thunder-lock)
uwsgi socket 0 bound to TCP address 0.0.0.0:8000 fd 3
uWSGI running as root, you can use --uid/--gid/--chroot options
*** WARNING: you are running uWSGI as root !!! (use the --uid flag) *** 
Python version: 3.9.0 (default, Aug  9 2024, 17:40:19)  [GCC 8.3.0]
*** Python threads support is disabled. You can enable it with --enable-threads ***
Python main interpreter initialized at 0x28ef290
uWSGI running as root, you can use --uid/--gid/--chroot options
*** WARNING: you are running uWSGI as root !!! (use the --uid flag) *** 
your server socket listen backlog is limited to 120 connections
your mercy for graceful operations on workers is 60 seconds
mapped 364600 bytes (356 KB) for 4 cores
*** Operational MODE: preforking ***
WSGI app 0 (mountpoint='') ready in 1 seconds on interpreter 0x28ef290 pid: 41594 (default app)
uWSGI running as root, you can use --uid/--gid/--chroot options
*** WARNING: you are running uWSGI as root !!! (use the --uid flag) *** 
*** uWSGI is running in multiple interpreter mode ***
spawned uWSGI master process (pid: 41594)
spawned uWSGI worker 1 (pid: 41602, cores: 1)
spawned uWSGI worker 2 (pid: 41603, cores: 1)
spawned uWSGI worker 3 (pid: 41604, cores: 1)
spawned uWSGI worker 4 (pid: 41605, cores: 1)
[pid: 41602|app: 0|req: 1/1] 127.0.0.1 () {48 vars in 780 bytes} [Fri Aug 16 06:55:18 2024] GET / => generated 8023 bytes in 260 msecs (HTTP/1.1 200) 6 headers in 208 bytes (1 switches on core 0)
[pid: 41602|app: 0|req: 2/2] 127.0.0.1 () {46 vars in 718 bytes} [Fri Aug 16 06:55:33 2024] GET /favicon.ico => generated 179 bytes in 42 msecs (HTTP/1.1 404) 6 headers in 214 bytes (1 switches on core 0)
[pid: 41602|app: 0|req: 3/3] 192.168.230.131 () {40 vars in 674 bytes} [Fri Aug 16 06:55:38 2024] GET / => generated 8023 bytes in 4 msecs (HTTP/1.1 200) 6 headers in 208 bytes (1 switches on core 0)
SIGINT/SIGTERM received...killing workers...
worker 1 buried after 1 seconds
worker 2 buried after 1 seconds
worker 3 buried after 1 seconds
worker 4 buried after 1 seconds
goodbye to uWSGI.
*** Starting uWSGI 2.0.26 (64bit) on [Fri Aug 16 07:23:43 2024] ***
compiled with version: 8.3.0 on 10 August 2024 12:54:28
os: Linux-3.10.0-1160.119.1.el7.x86_64 #1 SMP Tue Jun 4 14:43:51 UTC 2024
nodename: 192.168.230.131
machine: x86_64
clock source: unix
pcre jit disabled
detected number of CPU cores: 1
current working directory: /usr/local/python39/bin
writing pidfile to /run/uwsgi.pid
detected binary path: /root/.local/share/virtualenvs/helloBlog-e5hndArn/bin/uwsgi
uWSGI running as root, you can use --uid/--gid/--chroot options
*** WARNING: you are running uWSGI as root !!! (use the --uid flag) *** 
chdir() to /usr/local/share/helloBlog/backend
your processes number limit is 7144
your memory page size is 4096 bytes
detected max file descriptor number: 1024
lock engine: pthread robust mutexes
thunder lock: disabled (you can enable it with --thunder-lock)
uwsgi socket 0 bound to TCP address 0.0.0.0:8000 fd 3
uWSGI running as root, you can use --uid/--gid/--chroot options
*** WARNING: you are running uWSGI as root !!! (use the --uid flag) *** 
Python version: 3.9.0 (default, Aug  9 2024, 17:40:19)  [GCC 8.3.0]
*** Python threads support is disabled. You can enable it with --enable-threads ***
Python main interpreter initialized at 0x1503290
uWSGI running as root, you can use --uid/--gid/--chroot options
*** WARNING: you are running uWSGI as root !!! (use the --uid flag) *** 
your server socket listen backlog is limited to 120 connections
your mercy for graceful operations on workers is 60 seconds
mapped 364600 bytes (356 KB) for 4 cores
*** Operational MODE: preforking ***
WSGI app 0 (mountpoint='') ready in 0 seconds on interpreter 0x1503290 pid: 43612 (default app)
uWSGI running as root, you can use --uid/--gid/--chroot options
*** WARNING: you are running uWSGI as root !!! (use the --uid flag) *** 
*** uWSGI is running in multiple interpreter mode ***
spawned uWSGI master process (pid: 43612)
spawned uWSGI worker 1 (pid: 43613, cores: 1)
spawned uWSGI worker 2 (pid: 43614, cores: 1)
spawned uWSGI worker 3 (pid: 43615, cores: 1)
spawned uWSGI worker 4 (pid: 43616, cores: 1)
